{
  "RSpec": {
    "coverage": {
      "/Users/sunnyisrani/Dropbox/apps/zoraab/config/environment.rb": [
        null,
        1,
        null,
        null,
        1
      ],
      "/Users/sunnyisrani/Dropbox/apps/zoraab/config/application.rb": [
        1,
        null,
        1,
        null,
        1,
        null,
        null,
        null,
        1,
        null,
        1,
        1,
        null,
        1,
        null,
        null,
        null,
        null,
        null,
        null,
        null,
        null,
        null,
        null,
        null,
        null,
        null
      ],
      "/Users/sunnyisrani/Dropbox/apps/zoraab/config/boot.rb": [
        null,
        1,
        null,
        1
      ],
      "/Users/sunnyisrani/Dropbox/apps/zoraab/config/environments/test.rb": [
        1,
        null,
        null,
        null,
        null,
        null,
        null,
        1,
        null,
        null,
        null,
        null,
        1,
        null,
        null,
        1,
        1,
        null,
        null,
        1,
        1,
        null,
        null,
        1,
        null,
        null,
        1,
        null,
        null,
        null,
        null,
        1,
        null,
        null,
        1,
        null
      ],
      "/Users/sunnyisrani/Dropbox/apps/zoraab/config/initializers/backtrace_silencers.rb": [
        null,
        null,
        null,
        null,
        null,
        null,
        null
      ],
      "/Users/sunnyisrani/Dropbox/apps/zoraab/config/initializers/chargify.rb": [
        1,
        1,
        1,
        null
      ],
      "/Users/sunnyisrani/Dropbox/apps/zoraab/config/initializers/filter_parameter_logging.rb": [
        null,
        null,
        null,
        1
      ],
      "/Users/sunnyisrani/Dropbox/apps/zoraab/config/initializers/inflections.rb": [
        null,
        null,
        null,
        null,
        null,
        null,
        null,
        null,
        null,
        null,
        null,
        null,
        null,
        null,
        null,
        null
      ],
      "/Users/sunnyisrani/Dropbox/apps/zoraab/config/initializers/mime_types.rb": [
        null,
        null,
        null,
        null,
        null
      ],
      "/Users/sunnyisrani/Dropbox/apps/zoraab/config/initializers/secret_token.rb": [
        null,
        null,
        null,
        null,
        null,
        null,
        null,
        null,
        null,
        null,
        null,
        1
      ],
      "/Users/sunnyisrani/Dropbox/apps/zoraab/config/initializers/session_store.rb": [
        null,
        null,
        1
      ],
      "/Users/sunnyisrani/Dropbox/apps/zoraab/config/initializers/shipstation.rb": [
        1
      ],
      "/Users/sunnyisrani/Dropbox/apps/zoraab/config/initializers/shopify.rb": [
        1,
        1,
        1,
        1
      ],
      "/Users/sunnyisrani/Dropbox/apps/zoraab/config/initializers/wrap_parameters.rb": [
        null,
        null,
        null,
        null,
        null,
        null,
        1,
        1,
        null,
        null,
        null,
        null,
        null,
        null
      ],
      "/Users/sunnyisrani/Dropbox/apps/zoraab/config/initializers/wufoo.rb": [
        1
      ],
      "/Users/sunnyisrani/Dropbox/apps/zoraab/spec/factories.rb": [
        1,
        null,
        1,
        6,
        null,
        null,
        1,
        4,
        null,
        null,
        1,
        4,
        null,
        null,
        1,
        6,
        null,
        null,
        1,
        1,
        null,
        null,
        1,
        1,
        null,
        null,
        1,
        null,
        null,
        null
      ],
      "/Users/sunnyisrani/Dropbox/apps/zoraab/config/routes.rb": [
        1,
        1,
        null,
        1,
        1,
        null,
        1,
        null,
        1,
        null,
        1,
        1,
        1,
        1,
        1,
        1,
        1,
        1,
        1,
        1,
        1,
        1,
        null,
        null,
        null,
        null,
        null,
        null,
        null,
        null,
        null,
        null,
        null,
        null,
        null,
        null,
        null,
        null,
        null,
        null,
        null,
        null,
        null,
        null,
        null,
        null,
        null,
        null,
        null,
        null,
        null,
        null,
        null,
        null,
        null,
        null,
        null,
        null,
        null,
        null,
        null,
        null,
        null,
        null,
        null,
        null,
        null,
        null,
        null,
        null,
        null,
        null,
        null,
        null,
        null,
        null,
        null,
        null,
        null
      ],
      "/Users/sunnyisrani/Dropbox/apps/zoraab/app/helpers/application_helper.rb": [
        1,
        null
      ],
      "/Users/sunnyisrani/Dropbox/apps/zoraab/app/models/sub.rb": [
        1,
        1,
        1,
        1,
        1,
        null,
        1,
        7,
        null,
        null,
        1,
        1,
        null,
        null,
        1,
        1,
        1,
        2,
        4,
        null,
        null,
        1,
        null,
        null,
        1,
        1,
        1,
        1,
        null,
        1,
        null,
        null,
        1,
        1,
        1,
        null,
        null,
        1,
        1,
        1,
        1,
        null,
        null,
        0,
        null,
        null,
        null
      ],
      "/Users/sunnyisrani/Dropbox/apps/zoraab/app/models/pref.rb": [
        1,
        1,
        1,
        null,
        null
      ],
      "/Users/sunnyisrani/Dropbox/apps/zoraab/app/helpers/wufoo.rb": [
        null,
        null,
        null,
        null,
        1,
        1,
        1,
        1,
        1,
        1,
        1,
        1,
        1,
        null,
        3,
        1,
        null,
        null,
        1,
        1,
        13,
        13,
        null,
        null,
        null,
        1,
        1,
        32,
        1,
        null,
        null,
        null
      ],
      "/Users/sunnyisrani/Dropbox/apps/zoraab/app/models/order.rb": [
        1,
        1,
        1,
        1,
        1,
        1,
        null,
        1,
        0,
        0,
        0,
        null,
        0,
        null,
        null,
        1,
        10,
        3,
        3,
        3,
        null,
        null,
        null,
        1,
        0,
        null,
        0,
        0,
        0,
        null,
        0,
        0,
        0,
        0,
        0,
        0,
        null,
        0,
        0,
        0,
        0,
        0,
        0,
        0,
        null,
        null,
        1,
        0,
        null,
        null,
        1,
        0,
        0,
        null,
        null,
        null,
        1,
        0,
        0,
        0,
        0,
        null,
        null,
        null,
        null,
        null,
        null,
        null,
        null,
        null,
        null
      ],
      "/Users/sunnyisrani/Dropbox/apps/zoraab/app/helpers/chargify_response.rb": [
        1,
        null,
        1,
        null,
        1,
        null,
        null,
        null,
        null,
        null,
        null,
        null,
        null,
        null,
        null,
        null,
        null,
        null,
        1,
        null,
        null,
        1,
        2,
        null,
        null,
        1,
        1,
        null,
        null,
        1,
        1,
        null,
        null,
        1,
        1,
        null,
        null,
        1,
        1,
        null,
        null,
        1,
        1,
        null,
        null,
        1,
        1,
        null,
        null,
        1,
        3,
        null,
        null,
        1,
        1,
        null,
        null,
        1,
        null,
        null,
        null,
        null,
        null,
        null,
        null,
        null,
        1,
        null,
        null,
        1,
        null,
        null,
        null,
        null,
        null,
        null,
        null,
        null,
        1,
        null,
        null,
        1,
        12,
        null,
        null,
        1,
        3,
        null,
        null,
        1,
        9,
        null,
        null
      ],
      "/Users/sunnyisrani/Dropbox/apps/zoraab/app/models/product.rb": [
        1,
        1,
        1,
        1,
        null,
        1,
        0,
        0,
        0,
        0,
        0,
        0,
        0,
        null,
        null,
        null,
        1,
        0,
        0,
        0,
        0,
        null,
        0,
        null,
        0,
        null,
        null,
        null,
        1,
        0,
        0,
        null,
        null,
        null,
        1,
        0,
        0,
        null,
        null,
        1,
        0,
        0,
        0,
        null,
        0,
        null,
        null,
        null
      ]
    },
    "timestamp": 1391214703
  }
}
